<?xml version="1.0" encoding="UTF-8"?>
<testng-results ignored="0" total="1" passed="1" failed="0" skipped="0">
  <reporter-output>
  </reporter-output>
  <suite started-at="2021-07-16T21:33:07 EDT" name="Default suite" finished-at="2021-07-16T21:33:18 EDT" duration-ms="10789">
    <groups>
    </groups>
    <test started-at="2021-07-16T21:33:07 EDT" name="Default test" finished-at="2021-07-16T21:33:18 EDT" duration-ms="10789">
      <class name="com.testing.TestExecution">
        <test-method is-config="true" signature="setup()[pri:0, instance:com.testing.TestExecution@2accdbb5]" started-at="2021-07-16T21:33:07 EDT" name="setup" finished-at="2021-07-16T21:33:10 EDT" duration-ms="2946" status="PASS">
          <reporter-output>
          </reporter-output>
        </test-method> <!-- setup -->
        <test-method signature="login()[pri:0, instance:com.testing.TestExecution@2accdbb5]" started-at="2021-07-16T21:33:10 EDT" name="login" finished-at="2021-07-16T21:33:17 EDT" duration-ms="7137" status="PASS">
          <reporter-output>
          </reporter-output>
        </test-method> <!-- login -->
        <test-method is-config="true" signature="teardown()[pri:0, instance:com.testing.TestExecution@2accdbb5]" started-at="2021-07-16T21:33:17 EDT" name="teardown" finished-at="2021-07-16T21:33:18 EDT" duration-ms="674" status="PASS">
          <reporter-output>
          </reporter-output>
        </test-method> <!-- teardown -->
      </class> <!-- com.testing.TestExecution -->
    </test> <!-- Default test -->
  </suite> <!-- Default suite -->
</testng-results>
